pid:14352 2025-11-15T17:11:12.6805826 [t1] running server in C:\Users\tarcz\Documents\programowanie-funkcyje\Programowanie-funkcyjne\zadanie3\out\mill-daemon
pid:14352 2025-11-15T17:11:12.6984023 [t1] acceptTimeout=Some(30 minutes)
pid:14352 2025-11-15T17:11:12.706164 [t1] server file locked
pid:14352 2025-11-15T17:11:12.7220378 [t1] listening on port 63449
pid:14352 2025-11-15T17:11:12.7333284 [t1] handling run for SocketInfo(remote=/127.0.0.1:63450, local=/127.0.0.1:63449)
pid:14352 2025-11-15T17:11:12.7364301 [t25] 1 active connections
pid:14352 2025-11-15T17:11:12.7389954 [t25] preHandleConnection SocketInfo(remote=/127.0.0.1:63450, local=/127.0.0.1:63449)
pid:14352 2025-11-15T17:11:12.7400328 [t25] reading client init data
pid:14352 2025-11-15T17:11:12.7600878 [t25] read client init data: ClientInitData{interactive=true, clientMillVersion='1.0.6', clientJavaVersion='C:\Program Files\Zulu\zulu-17\', args=[-D, mill.main.cli=C:\Users\tarcz\Documents\programowanie-funkcyje\Programowanie-funkcyjne\zadanie3\mill.bat, -w, app.runBackground], env={USERDOMAIN_ROAMINGPROFILE=DESKTOP-T9RAH0C, PROCESSOR_LEVEL=6, DEFAULT_MILL_VERSION=1.1.0-RC1, SESSIONNAME=Console, ALLUSERSPROFILE=C:\ProgramData, GNUPLOT_LIB=C:\Program Files\gnuplot\demo;C:\Program Files\gnuplot\demo\games;C:\Program Files\gnuplot\share, PROCESSOR_ARCHITECTURE=AMD64, PSModulePath=C:\Users\tarcz\Documents\PowerShell\Modules;C:\Program Files\PowerShell\Modules;c:\program files\powershell\7\Modules;C:\Program Files\WindowsPowerShell\Modules;C:\WINDOWS\system32\WindowsPowerShell\v1.0\Modules, SystemDrive=C:, USERNAME=tarcz, EFC_10320_3789132940=1, MILL_PARAMS=-w app.runBackground, ARTIFACT_SUFFIX=-native-windows-amd64, ProgramFiles(x86)=C:\Program Files (x86), MILL_BUILD_SCRIPT=build.mill, EFC_10320_1262719628=1, FPS_BROWSER_USER_PROFILE_STRING=Default, PATHEXT=.COM;.EXE;.BAT;.CMD;.VBS;.VBE;.JS;.JSE;.WSF;.WSH;.MSC;.CPL, DriverData=C:\Windows\System32\Drivers\DriverData, CLion=C:\Program Files\JetBrains\CLion 2023.3.2\bin;, ProgramData=C:\ProgramData, ProgramW6432=C:\Program Files, MILL_EXT=.exe, HOMEPATH=\Users\tarcz, MILL_NATIVE_SUFFIX=-native, PROCESSOR_IDENTIFIER=Intel64 Family 6 Model 186 Stepping 2, GenuineIntel, MILL=C:\Users\tarcz\.mill\download\1.0.6.exe, POWERSHELL_DISTRIBUTION_CHANNEL=MSI:Windows 10 Home, OPENSSL_ia32cap=~0x20000000, ProgramFiles=C:\Program Files, PUBLIC=C:\Users\Public, windir=C:\WINDOWS, =::=::\, ZES_ENABLE_SYSMAN=1, GSL_LIBRARY_PATH=C:\Program Files\GSL-WIN64\gsl-2.8, MILL_JVM_SUFFIX=-jvm, IGCCSVC_DB=AQAAANCMnd8BFdERjHoAwE/Cl+sBAAAAszqkpudnaEGD16pOZMpZcAQAAAACAAAAAAAQZgAAAAEAACAAAACUjzcUQaPu0Q1aqwhSt0T8WXQZwew68k2b+YtbxAsoYQAAAAAOgAAAAAIAACAAAAAPQCK3UlpwaYbwiMawepgH6UekDgxlOnPBSef+9xsxZWAAAACkprr3fplLLstiDFbEnALm2tWkSWT4gK6GBfg8JQRRNJs3Uy6Kb4oiEP55+ipoU/f25juAjUiF1zdCFmygL4DE49zNi6PgvWLrdNptMJ1bTOd53QspV8PEHwAEqVXelklAAAAAp60SnE3pLYLYMBrlNeh0sk8cB39heAlCXmcJECATTVSM8rUI7M29man/a2GhX/o1HdxLmEg90CbIzxrEEyCPdw==, LOCALAPPDATA=C:\Users\tarcz\AppData\Local, SKIP_VERSION=false, USERDOMAIN=DESKTOP-T9RAH0C, FPS_BROWSER_APP_PROFILE_STRING=Internet Explorer, LOGONSERVER=\\DESKTOP-T9RAH0C, JAVA_HOME=C:\Program Files\Zulu\zulu-17\, PROMPT=$P$G, EFC_10320_1592913036=1, OneDrive=C:\Users\tarcz\OneDrive, =C:=C:\Users\tarcz\Documents\programowanie-funkcyje\Programowanie-funkcyjne\zadanie3, APPDATA=C:\Users\tarcz\AppData\Roaming, FULL_MILL_VERSION=1.0.6, IridiumIO=C:\Users\tarcz\AppData\Local\IridiumIO, EFC_10320_2283032206=1, RELOADEDIIMODS=C:\Users\tarcz\Desktop\Reloaded-II\Mods, MILL_MAIN_CLI=C:\Users\tarcz\Documents\programowanie-funkcyje\Programowanie-funkcyjne\zadanie3\mill.bat, CommonProgramFiles=C:\Program Files\Common Files, Path=C:\Program Files\PowerShell\7;C:\Program Files\Zulu\zulu-17\bin\;C:\Program Files\Zulu\zulu-21\bin\;C:\Program Files\Eclipse Adoptium\jdk-21.0.8.9-hotspot\bin;C:\Program Files (x86)\Common Files\Intel\Shared Libraries\bin32;C:\Program Files (x86)\Common Files\Intel\Shared Libraries\bin;C:\Program Files (x86)\VMware\VMware Workstation\bin\;C:\Program Files\Common Files\Oracle\Java\javapath;C:\Windows\system32;C:\Windows;C:\Windows\System32\Wbem;C:\Windows\System32\WindowsPowerShell\v1.0\;C:\Windows\System32\OpenSSH\;C:\Program Files\dotnet\;C:\Program Files (x86)\NVIDIA Corporation\PhysX\Common;C:\Program Files\gnuplot\bin;C:\Program Files\GSL-WIN64\gsl-2.8\bin;C:\Program Files\GSL-WIN64\gsl-2.8\lib;C:\WINDOWS\system32;C:\WINDOWS;C:\WINDOWS\System32\Wbem;C:\WINDOWS\System32\WindowsPowerShell\v1.0\;C:\WINDOWS\System32\OpenSSH\;C:\Program Files\Microchip\xc8\v3.00\bin;C:\Program Files\Microchip\xc-dsc\v3.21\bin;C:\Program Files\Microchip\xc16\v2.10\bin;C:\Program Files\Microchip\xc32\v4.60\bin;C:\Program Files (x86)\Windows Kits\10\Windows Performance Toolkit\;C:\Program Files\CMake\bin;C:\Program Files\Wolfram Research\WolframScript\;C:\WINDOWS\system32\config\systemprofile\AppData\Local\Muse Hub\lib;C:\Program Files\Docker\Docker\resources\bin;C:\Program Files\Git\cmd;C:\Program Files\nodejs\;C:\Program Files\PowerToys\;C:\Program Files\PowerShell\7\;C:\Program Files\Elixir\bin;C:\Program Files\Erlang OTP\bin;C:\Users\tarcz\AppData\Local\Programs\Python\Python313\Scripts\;C:\Users\tarcz\AppData\Local\Programs\Python\Python313\;C:\Users\tarcz\AppData\Local\Programs\Python\Launcher\;C:\Users\tarcz\AppData\Local\Microsoft\WindowsApps;C:\Program Files\JetBrains\CLion 2023.3.2\bin;C:\Users\tarcz\.dotnet\tools;C:\Users\tarcz\AppData\Local\Microsoft\WinGet\Packages\SteamRE.DepotDownloader_Microsoft.Winget.Source_8wekyb3d8bbwe;C:\Users\tarcz\.deno\bin;C:\Users\tarcz\AppData\Local\Programs\Microsoft VS Code\bin;C:\Users\tarcz\.dotnet\tools;C:\Users\tarcz\AppData\Local\Coursier\data\bin;C:\Users\tarcz\AppData\Roaming\npm;C:\Users\tarcz\AppData\Local\Microsoft\WinGet\Packages\Helix.Helix_Microsoft.Winget.Source_8wekyb3d8bbwe\helix-25.07.1-x86_64-windows;C:\Gradle\gradle-9.2.0\bin;, OS=Windows_NT, COMPUTERNAME=DESKTOP-T9RAH0C, MILL_PREFIX=1.0.6, PROCESSOR_REVISION=ba02, CommonProgramW6432=C:\Program Files\Common Files, ComSpec=C:\WINDOWS\system32\cmd.exe, SystemRoot=C:\WINDOWS, TEMP=C:\Users\tarcz\AppData\Local\Temp, HOMEDRIVE=C:, USERPROFILE=C:\Users\tarcz, TMP=C:\Users\tarcz\AppData\Local\Temp, POWERSHELL_TELEMETRY_OPTOUT=1, CommonProgramFiles(x86)=C:\Program Files (x86)\Common Files, NUMBER_OF_PROCESSORS=16}, userSpecifiedProperties={library.jline.path=C:\Users\tarcz\.mill\cache\jline\3.29.0, stderr.encoding=Cp1252, library.jline.name=jlinenative.dll, org.graalvm.nativeimage.kind=executable, stdout.encoding=Cp1252, org.graalvm.nativeimage.imagecode=runtime, com.ibm.vm.bitmode=64}}
pid:14352 2025-11-15T17:11:12.778362 [t25] args ["-D","mill.main.cli=C:\\Users\\tarcz\\Documents\\programowanie-funkcyje\\Programowanie-funkcyjne\\zadanie3\\mill.bat","-w","app.runBackground"]
pid:14352 2025-11-15T17:11:12.7816198 [t25] env {"USERDOMAIN_ROAMINGPROFILE":"DESKTOP-T9RAH0C","PROCESSOR_LEVEL":"6","DEFAULT_MILL_VERSION":"1.1.0-RC1","SESSIONNAME":"Console","ALLUSERSPROFILE":"C:\\ProgramData","GNUPLOT_LIB":"C:\\Program Files\\gnuplot\\demo;C:\\Program Files\\gnuplot\\demo\\games;C:\\Program Files\\gnuplot\\share","PROCESSOR_ARCHITECTURE":"AMD64","PSModulePath":"C:\\Users\\tarcz\\Documents\\PowerShell\\Modules;C:\\Program Files\\PowerShell\\Modules;c:\\program files\\powershell\\7\\Modules;C:\\Program Files\\WindowsPowerShell\\Modules;C:\\WINDOWS\\system32\\WindowsPowerShell\\v1.0\\Modules","SystemDrive":"C:","USERNAME":"tarcz","EFC_10320_3789132940":"1","MILL_PARAMS":"-w app.runBackground","ARTIFACT_SUFFIX":"-native-windows-amd64","ProgramFiles(x86)":"C:\\Program Files (x86)","MILL_BUILD_SCRIPT":"build.mill","EFC_10320_1262719628":"1","FPS_BROWSER_USER_PROFILE_STRING":"Default","PATHEXT":".COM;.EXE;.BAT;.CMD;.VBS;.VBE;.JS;.JSE;.WSF;.WSH;.MSC;.CPL","DriverData":"C:\\Windows\\System32\\Drivers\\DriverData","CLion":"C:\\Program Files\\JetBrains\\CLion 2023.3.2\\bin;","ProgramData":"C:\\ProgramData","ProgramW6432":"C:\\Program Files","MILL_EXT":".exe","HOMEPATH":"\\Users\\tarcz","MILL_NATIVE_SUFFIX":"-native","PROCESSOR_IDENTIFIER":"Intel64 Family 6 Model 186 Stepping 2, GenuineIntel","MILL":"C:\\Users\\tarcz\\.mill\\download\\1.0.6.exe","POWERSHELL_DISTRIBUTION_CHANNEL":"MSI:Windows 10 Home","OPENSSL_ia32cap":"~0x20000000","ProgramFiles":"C:\\Program Files","PUBLIC":"C:\\Users\\Public","windir":"C:\\WINDOWS","=::":"::\\","ZES_ENABLE_SYSMAN":"1","GSL_LIBRARY_PATH":"C:\\Program Files\\GSL-WIN64\\gsl-2.8","MILL_JVM_SUFFIX":"-jvm","IGCCSVC_DB":"AQAAANCMnd8BFdERjHoAwE/Cl+sBAAAAszqkpudnaEGD16pOZMpZcAQAAAACAAAAAAAQZgAAAAEAACAAAACUjzcUQaPu0Q1aqwhSt0T8WXQZwew68k2b+YtbxAsoYQAAAAAOgAAAAAIAACAAAAAPQCK3UlpwaYbwiMawepgH6UekDgxlOnPBSef+9xsxZWAAAACkprr3fplLLstiDFbEnALm2tWkSWT4gK6GBfg8JQRRNJs3Uy6Kb4oiEP55+ipoU/f25juAjUiF1zdCFmygL4DE49zNi6PgvWLrdNptMJ1bTOd53QspV8PEHwAEqVXelklAAAAAp60SnE3pLYLYMBrlNeh0sk8cB39heAlCXmcJECATTVSM8rUI7M29man/a2GhX/o1HdxLmEg90CbIzxrEEyCPdw==","LOCALAPPDATA":"C:\\Users\\tarcz\\AppData\\Local","SKIP_VERSION":"false","USERDOMAIN":"DESKTOP-T9RAH0C","FPS_BROWSER_APP_PROFILE_STRING":"Internet Explorer","LOGONSERVER":"\\\\DESKTOP-T9RAH0C","JAVA_HOME":"C:\\Program Files\\Zulu\\zulu-17\\","PROMPT":"$P$G","EFC_10320_1592913036":"1","OneDrive":"C:\\Users\\tarcz\\OneDrive","=C:":"C:\\Users\\tarcz\\Documents\\programowanie-funkcyje\\Programowanie-funkcyjne\\zadanie3","APPDATA":"C:\\Users\\tarcz\\AppData\\Roaming","FULL_MILL_VERSION":"1.0.6","IridiumIO":"C:\\Users\\tarcz\\AppData\\Local\\IridiumIO","EFC_10320_2283032206":"1","RELOADEDIIMODS":"C:\\Users\\tarcz\\Desktop\\Reloaded-II\\Mods","MILL_MAIN_CLI":"C:\\Users\\tarcz\\Documents\\programowanie-funkcyje\\Programowanie-funkcyjne\\zadanie3\\mill.bat","CommonProgramFiles":"C:\\Program Files\\Common Files","Path":"C:\\Program Files\\PowerShell\\7;C:\\Program Files\\Zulu\\zulu-17\\bin\\;C:\\Program Files\\Zulu\\zulu-21\\bin\\;C:\\Program Files\\Eclipse Adoptium\\jdk-21.0.8.9-hotspot\\bin;C:\\Program Files (x86)\\Common Files\\Intel\\Shared Libraries\\bin32;C:\\Program Files (x86)\\Common Files\\Intel\\Shared Libraries\\bin;C:\\Program Files (x86)\\VMware\\VMware Workstation\\bin\\;C:\\Program Files\\Common Files\\Oracle\\Java\\javapath;C:\\Windows\\system32;C:\\Windows;C:\\Windows\\System32\\Wbem;C:\\Windows\\System32\\WindowsPowerShell\\v1.0\\;C:\\Windows\\System32\\OpenSSH\\;C:\\Program Files\\dotnet\\;C:\\Program Files (x86)\\NVIDIA Corporation\\PhysX\\Common;C:\\Program Files\\gnuplot\\bin;C:\\Program Files\\GSL-WIN64\\gsl-2.8\\bin;C:\\Program Files\\GSL-WIN64\\gsl-2.8\\lib;C:\\WINDOWS\\system32;C:\\WINDOWS;C:\\WINDOWS\\System32\\Wbem;C:\\WINDOWS\\System32\\WindowsPowerShell\\v1.0\\;C:\\WINDOWS\\System32\\OpenSSH\\;C:\\Program Files\\Microchip\\xc8\\v3.00\\bin;C:\\Program Files\\Microchip\\xc-dsc\\v3.21\\bin;C:\\Program Files\\Microchip\\xc16\\v2.10\\bin;C:\\Program Files\\Microchip\\xc32\\v4.60\\bin;C:\\Program Files (x86)\\Windows Kits\\10\\Windows Performance Toolkit\\;C:\\Program Files\\CMake\\bin;C:\\Program Files\\Wolfram Research\\WolframScript\\;C:\\WINDOWS\\system32\\config\\systemprofile\\AppData\\Local\\Muse Hub\\lib;C:\\Program Files\\Docker\\Docker\\resources\\bin;C:\\Program Files\\Git\\cmd;C:\\Program Files\\nodejs\\;C:\\Program Files\\PowerToys\\;C:\\Program Files\\PowerShell\\7\\;C:\\Program Files\\Elixir\\bin;C:\\Program Files\\Erlang OTP\\bin;C:\\Users\\tarcz\\AppData\\Local\\Programs\\Python\\Python313\\Scripts\\;C:\\Users\\tarcz\\AppData\\Local\\Programs\\Python\\Python313\\;C:\\Users\\tarcz\\AppData\\Local\\Programs\\Python\\Launcher\\;C:\\Users\\tarcz\\AppData\\Local\\Microsoft\\WindowsApps;C:\\Program Files\\JetBrains\\CLion 2023.3.2\\bin;C:\\Users\\tarcz\\.dotnet\\tools;C:\\Users\\tarcz\\AppData\\Local\\Microsoft\\WinGet\\Packages\\SteamRE.DepotDownloader_Microsoft.Winget.Source_8wekyb3d8bbwe;C:\\Users\\tarcz\\.deno\\bin;C:\\Users\\tarcz\\AppData\\Local\\Programs\\Microsoft VS Code\\bin;C:\\Users\\tarcz\\.dotnet\\tools;C:\\Users\\tarcz\\AppData\\Local\\Coursier\\data\\bin;C:\\Users\\tarcz\\AppData\\Roaming\\npm;C:\\Users\\tarcz\\AppData\\Local\\Microsoft\\WinGet\\Packages\\Helix.Helix_Microsoft.Winget.Source_8wekyb3d8bbwe\\helix-25.07.1-x86_64-windows;C:\\Gradle\\gradle-9.2.0\\bin;","OS":"Windows_NT","COMPUTERNAME":"DESKTOP-T9RAH0C","MILL_PREFIX":"1.0.6","PROCESSOR_REVISION":"ba02","CommonProgramW6432":"C:\\Program Files\\Common Files","ComSpec":"C:\\WINDOWS\\system32\\cmd.exe","SystemRoot":"C:\\WINDOWS","TEMP":"C:\\Users\\tarcz\\AppData\\Local\\Temp","HOMEDRIVE":"C:","USERPROFILE":"C:\\Users\\tarcz","TMP":"C:\\Users\\tarcz\\AppData\\Local\\Temp","POWERSHELL_TELEMETRY_OPTOUT":"1","CommonProgramFiles(x86)":"C:\\Program Files (x86)\\Common Files","NUMBER_OF_PROCESSORS":"16"}
pid:14352 2025-11-15T17:11:12.7826916 [t25] props {"library.jline.path":"C:\\Users\\tarcz\\.mill\\cache\\jline\\3.29.0","stderr.encoding":"Cp1252","library.jline.name":"jlinenative.dll","org.graalvm.nativeimage.kind":"executable","stdout.encoding":"Cp1252","org.graalvm.nativeimage.imagecode":"runtime","com.ibm.vm.bitmode":"64"}
pid:14352 2025-11-15T17:13:20.5740096 [t25] client has closed connection
pid:14352 2025-11-15T17:13:20.575009 [t25] done=false, idle=true, lastClientAlive=false
pid:14352 2025-11-15T17:13:20.5840087 [t26] connection handler for SocketInfo(remote=/127.0.0.1:63450, local=/127.0.0.1:63449) error: java.lang.InterruptedException: sleep interrupted
connection handler stack trace: java.base/java.lang.Thread.sleep(Native Method)
mill.daemon.Watching$.statWatchWait0$1(Watching.scala:263)
mill.daemon.Watching$.statWatchWait(Watching.scala:270)
mill.daemon.Watching$.doWatch$1(Watching.scala:123)
mill.daemon.Watching$.doWatchFsNotify$1$$anonfun$1$$anonfun$1(Watching.scala:230)
scala.util.Using$.resource(Using.scala:296)
mill.daemon.Watching$.doWatchFsNotify$1$$anonfun$1(Watching.scala:231)
scala.util.Using$.resource(Using.scala:296)
mill.daemon.Watching$.doWatchFsNotify$1(Watching.scala:233)
mill.daemon.Watching$.watchAndWait(Watching.scala:243)
mill.daemon.Watching$.watchLoop(Watching.scala:85)
mill.daemon.MillMain0$.$anonfun$11(MillMain0.scala:460)
scala.util.Using$.resources(Using.scala:333)
mill.daemon.MillMain0$.main0$$anonfun$1$$anonfun$1$$anonfun$1(MillMain0.scala:472)
mill.daemon.MillMain0$.withStreams$$anonfun$2(MillMain0.scala:98)
mill.api.SystemStreamsUtils$.withStreams$$anonfun$1$$anonfun$1$$anonfun$1$$anonfun$1$$anonfun$1$$anonfun$1$$anonfun$1(SystemStreamsUtils.scala:49)
scala.util.DynamicVariable.withValue(DynamicVariable.scala:59)
mill.api.SystemStreamsUtils$.withStreams$$anonfun$1$$anonfun$1$$anonfun$1$$anonfun$1$$anonfun$1$$anonfun$1(SystemStreamsUtils.scala:50)
scala.util.DynamicVariable.withValue(DynamicVariable.scala:59)
mill.api.SystemStreamsUtils$.withStreams$$anonfun$1$$anonfun$1$$anonfun$1$$anonfun$1$$anonfun$1(SystemStreamsUtils.scala:51)
scala.util.DynamicVariable.withValue(DynamicVariable.scala:59)
mill.api.SystemStreamsUtils$.withStreams$$anonfun$1$$anonfun$1$$anonfun$1$$anonfun$1(SystemStreamsUtils.scala:52)
scala.util.DynamicVariable.withValue(DynamicVariable.scala:59)
scala.Console$.withErr(Console.scala:193)
mill.api.SystemStreamsUtils$.withStreams$$anonfun$1$$anonfun$1$$anonfun$1(SystemStreamsUtils.scala:53)
scala.util.DynamicVariable.withValue(DynamicVariable.scala:59)
scala.Console$.withOut(Console.scala:164)
mill.api.SystemStreamsUtils$.withStreams$$anonfun$1$$anonfun$1(SystemStreamsUtils.scala:54)
scala.util.DynamicVariable.withValue(DynamicVariable.scala:59)
scala.Console$.withIn(Console.scala:227)
mill.api.SystemStreamsUtils$.withStreams$$anonfun$1(SystemStreamsUtils.scala:55)
scala.util.DynamicVariable.withValue(DynamicVariable.scala:59)
mill.api.SystemStreamsUtils$.withStreams(SystemStreamsUtils.scala:56)
mill.daemon.MillMain0$.withStreams(MillMain0.scala:99)
mill.daemon.MillMain0$.main0$$anonfun$1$$anonfun$1(MillMain0.scala:124)
scala.util.DynamicVariable.withValue(DynamicVariable.scala:59)
mill.daemon.MillMain0$.main0$$anonfun$1(MillMain0.scala:487)
scala.util.DynamicVariable.withValue(DynamicVariable.scala:59)
mill.daemon.MillMain0$.main0(MillMain0.scala:488)
mill.daemon.MillDaemonMain.main0(MillDaemonMain.scala:103)
mill.daemon.MillDaemonMain.main0(MillDaemonMain.scala:81)
mill.server.MillDaemonServer.handleConnection(MillDaemonServer.scala:125)
mill.server.MillDaemonServer.handleConnection(MillDaemonServer.scala:106)
mill.server.ProxyStreamServer.handleConnection(ProxyStreamServer.scala:138)
mill.server.ProxyStreamServer.handleConnection(ProxyStreamServer.scala:124)
mill.server.Server.$anonfun$5(Server.scala:347)
java.base/java.lang.Thread.run(Thread.java:840)

pid:14352 2025-11-15T17:13:20.5850077 [t25] error sending exit code 1, client seems to be dead: java.net.SocketException: Connection reset by peer

java.base/sun.nio.ch.NioSocketImpl.implWrite(NioSocketImpl.java:425)
java.base/sun.nio.ch.NioSocketImpl.write(NioSocketImpl.java:445)
java.base/sun.nio.ch.NioSocketImpl$2.write(NioSocketImpl.java:831)
java.base/java.net.Socket$SocketOutputStream.write(Socket.java:1045)
java.base/java.io.BufferedOutputStream.flushBuffer(BufferedOutputStream.java:81)
java.base/java.io.BufferedOutputStream.flush(BufferedOutputStream.java:142)
mill.constants.ProxyStream.sendEnd(ProxyStream.java:51)
mill.server.ProxyStreamServer.mill$server$ProxyStreamServer$$writeExitCode(ProxyStreamServer.scala:34)
mill.server.ProxyStreamServer$ProxyStreamServerData.writeExitCode(ProxyStreamServer.scala:24)
mill.server.ProxyStreamServer.beforeSocketClose(ProxyStreamServer.scala:161)
mill.server.MillDaemonServer.beforeSocketClose(MillDaemonServer.scala:154)
mill.server.MillDaemonServer.beforeSocketClose(MillDaemonServer.scala:145)
mill.server.Server.runForSocket(Server.scala:418)
mill.server.Server.run$$anonfun$3$$anonfun$4(Server.scala:240)
java.base/java.lang.Thread.run(Thread.java:840)
pid:14352 2025-11-15T17:13:20.5870976 [t25] 0 active connections
pid:14352 2025-11-15T17:43:20.5978975 [t24] shutting down due inactivity
pid:14352 2025-11-15T17:43:20.5999057 [t1] removing C:\Users\tarcz\Documents\programowanie-funkcyje\Programowanie-funkcyjne\zadanie3\out\mill-daemon\socketPort
pid:14352 2025-11-15T17:43:20.6039174 [t1] removed C:\Users\tarcz\Documents\programowanie-funkcyje\Programowanie-funkcyjne\zadanie3\out\mill-daemon\socketPort
pid:14352 2025-11-15T17:43:20.6039174 [t1] releasing daemonLock
pid:14352 2025-11-15T17:43:20.6059231 [t1] daemonLock released
pid:14352 2025-11-15T17:43:20.6059231 [t1] exiting server
