[2025-12-01T23:57:15.840162|req#0] [33mZincCompileMixed[39m(
  upstreamCompileOutput = [33mList[39m(),
  sources = [33mList[39m(
    C:\Users\tarcz\Documents\programowanie-funkcyje\Programowanie-funkcyjne\zadanie5\app\src\HTTPServer.scala
  ),
  compileClasspath = [33mList[39m(
    C:\Users\tarcz\AppData\Local\Coursier\cache\v1\https\repo1.maven.org\maven2\org\scala-lang\scala3-library_3\3.7.3\scala3-library_3-3.7.3.jar,
    C:\Users\tarcz\AppData\Local\Coursier\cache\v1\https\repo1.maven.org\maven2\com\lihaoyi\cask_3\0.11.3\cask_3-0.11.3.jar,
    C:\Users\tarcz\AppData\Local\Coursier\cache\v1\https\repo1.maven.org\maven2\com\lihaoyi\upickle_3\4.3.1\upickle_3-4.3.1.jar,
    C:\Users\tarcz\AppData\Local\Coursier\cache\v1\https\repo1.maven.org\maven2\org\scala-lang\scala-library\2.13.16\scala-library-2.13.16.jar,
    C:\Users\tarcz\AppData\Local\Coursier\cache\v1\https\repo1.maven.org\maven2\io\undertow\undertow-core\2.3.18.Final\undertow-core-2.3.18.Final.jar,
    C:\Users\tarcz\AppData\Local\Coursier\cache\v1\https\repo1.maven.org\maven2\com\lihaoyi\cask-util_3\0.11.3\cask-util_3-0.11.3.jar,
    C:\Users\tarcz\AppData\Local\Coursier\cache\v1\https\repo1.maven.org\maven2\com\lihaoyi\ujson_3\4.3.1\ujson_3-4.3.1.jar,
    C:\Users\tarcz\AppData\Local\Coursier\cache\v1\https\repo1.maven.org\maven2\com\lihaoyi\upack_3\4.3.1\upack_3-4.3.1.jar,
    C:\Users\tarcz\AppData\Local\Coursier\cache\v1\https\repo1.maven.org\maven2\com\lihaoyi\upickle-implicits_3\4.3.1\upickle-implicits_3-4.3.1.jar,
    C:\Users\tarcz\AppData\Local\Coursier\cache\v1\https\repo1.maven.org\maven2\org\jboss\logging\jboss-logging\3.4.3.Final\jboss-logging-3.4.3.Final.jar,
    C:\Users\tarcz\AppData\Local\Coursier\cache\v1\https\repo1.maven.org\maven2\org\jboss\xnio\xnio-api\3.8.16.Final\xnio-api-3.8.16.Final.jar,
    C:\Users\tarcz\AppData\Local\Coursier\cache\v1\https\repo1.maven.org\maven2\org\jboss\threads\jboss-threads\3.5.0.Final\jboss-threads-3.5.0.Final.jar,
    C:\Users\tarcz\AppData\Local\Coursier\cache\v1\https\repo1.maven.org\maven2\com\lihaoyi\sourcecode_3\0.4.2\sourcecode_3-0.4.2.jar,
    C:\Users\tarcz\AppData\Local\Coursier\cache\v1\https\repo1.maven.org\maven2\com\lihaoyi\pprint_3\0.9.0\pprint_3-0.9.0.jar,
    C:\Users\tarcz\AppData\Local\Coursier\cache\v1\https\repo1.maven.org\maven2\com\lihaoyi\geny_3\1.1.1\geny_3-1.1.1.jar,
    C:\Users\tarcz\AppData\Local\Coursier\cache\v1\https\repo1.maven.org\maven2\com\lihaoyi\castor_3\0.3.0\castor_3-0.3.0.jar,
    C:\Users\tarcz\AppData\Local\Coursier\cache\v1\https\repo1.maven.org\maven2\org\java-websocket\Java-WebSocket\1.5.3\Java-WebSocket-1.5.3.jar,
    C:\Users\tarcz\AppData\Local\Coursier\cache\v1\https\repo1.maven.org\maven2\com\lihaoyi\upickle-core_3\4.3.1\upickle-core_3-4.3.1.jar,
    C:\Users\tarcz\AppData\Local\Coursier\cache\v1\https\repo1.maven.org\maven2\org\wildfly\common\wildfly-common\1.6.0.Final\wildfly-common-1.6.0.Final.jar,
    C:\Users\tarcz\AppData\Local\Coursier\cache\v1\https\repo1.maven.org\maven2\org\wildfly\client\wildfly-client-config\1.0.1.Final\wildfly-client-config-1.0.1.Final.jar,
    C:\Users\tarcz\AppData\Local\Coursier\cache\v1\https\repo1.maven.org\maven2\com\lihaoyi\fansi_3\0.5.0\fansi_3-0.5.0.jar,
    C:\Users\tarcz\AppData\Local\Coursier\cache\v1\https\repo1.maven.org\maven2\org\slf4j\slf4j-api\1.7.25\slf4j-api-1.7.25.jar,
    C:\Users\tarcz\Documents\programowanie-funkcyje\Programowanie-funkcyjne\zadanie5\app\compile-resources
  ),
  javacOptions = [33mJavaCompilerOptions[39m([33mList[39m()),
  scalaVersion = [32m"3.7.3"[39m,
  scalaOrganization = [32m"org.scala-lang"[39m,
  scalacOptions = [33mList[39m(),
  compilerClasspath = [33mList[39m(
    [33mPathRef[39m(
      path = C:\Users\tarcz\AppData\Local\Coursier\cache\v1\https\repo1.maven.org\maven2\org\scala-lang\scala3-compiler_3\3.7.3\scala3-compiler_3-3.7.3.jar,
      quick = [32mtrue[39m,
      sig = [32m-366184131[39m,
      revalidate = Once
    ),
    [33mPathRef[39m(
      path = C:\Users\tarcz\AppData\Local\Coursier\cache\v1\https\repo1.maven.org\maven2\org\scala-lang\scala3-library_3\3.7.3\scala3-library_3-3.7.3.jar,
      quick = [32mtrue[39m,
      sig = [32m2051503319[39m,
      revalidate = Once
    ),
    [33mPathRef[39m(
      path = C:\Users\tarcz\AppData\Local\Coursier\cache\v1\https\repo1.maven.org\maven2\org\scala-lang\scala3-interfaces\3.7.3\scala3-interfaces-3.7.3.jar,
      quick = [32mtrue[39m,
      sig = [32m202198257[39m,
      revalidate = Once
    ),
    [33mPathRef[39m(
      path = C:\Users\tarcz\AppData\Local\Coursier\cache\v1\https\repo1.maven.org\maven2\org\scala-lang\tasty-core_3\3.7.3\tasty-core_3-3.7.3.jar,
      quick = [32mtrue[39m,
      sig = [32m-1156043389[39m,
      revalidate = Once
    ),
    [33mPathRef[39m(
      path = C:\Users\tarcz\AppData\Local\Coursier\cache\v1\https\repo1.maven.org\maven2\org\scala-lang\modules\scala-asm\9.8.0-scala-1\scala-asm-9.8.0-scala-1.jar,
      quick = [32mtrue[39m,
      sig = [32m425934352[39m,
      revalidate = Once
    ),
    [33mPathRef[39m(
      path = C:\Users\tarcz\AppData\Local\Coursier\cache\v1\https\repo1.maven.org\maven2\org\scala-sbt\compiler-interface\1.10.7\compiler-interface-1.10.7.jar,
      quick = [32mtrue[39m,
      sig = [32m-291424587[39m,
      revalidate = Once
    ),
    [33mPathRef[39m(
      path = C:\Users\tarcz\AppData\Local\Coursier\cache\v1\https\repo1.maven.org\maven2\org\jline\jline-reader\3.29.0\jline-reader-3.29.0.jar,
      quick = [32mtrue[39m,
      sig = [32m759073053[39m,
      revalidate = Once
    ),
    [33mPathRef[39m(
      path = C:\Users\tarcz\AppData\Local\Coursier\cache\v1\https\repo1.maven.org\maven2\org\jline\jline-terminal\3.29.0\jline-terminal-3.29.0.jar,
      quick = [32mtrue[39m,
      sig = [32m128580990[39m,
      revalidate = Once
    ),
    [33mPathRef[39m(
      path = C:\Users\tarcz\AppData\Local\Coursier\cache\v1\https\repo1.maven.org\maven2\org\jline\jline-terminal-jni\3.29.0\jline-terminal-jni-3.29.0.jar,
      quick = [32mtrue[39m,
      sig = [32m1247320221[39m,
      revalidate = Once
    ),
    [33mPathRef[39m(
      path = C:\Users\tarcz\AppData\Local\Coursier\cache\v1\https\repo1.maven.org\maven2\org\scala-lang\scala-library\2.13.16\scala-library-2.13.16.jar,
      quick = [32mtrue[39m,
      sig = [32m317605032[39m,
      revalidate = Once
    ),
    [33mPathRef[39m(
      path = C:\Users\tarcz\AppData\Local\Coursier\cache\v1\https\repo1.maven.org\maven2\org\scala-sbt\util-interface\1.10.7\util-interface-1.10.7.jar,
      quick = [32mtrue[39m,
      sig = [32m-983181764[39m,
      revalidate = Once
    ),
    [33mPathRef[39m(
      path = C:\Users\tarcz\AppData\Local\Coursier\cache\v1\https\repo1.maven.org\maven2\org\jline\jline-native\3.29.0\jline-native-3.29.0.jar,
      quick = [32mtrue[39m,
      sig = [32m-1932725682[39m,
      revalidate = Once
    )
  ),
  scalacPluginClasspath = [33mList[39m(),
  incrementalCompilation = [32mtrue[39m,
  auxiliaryClassFileExtensions = [33mList[39m([32m"tasty"[39m)
)
[2025-12-01T23:57:15.846943800|req#0] Using local Zinc instance
[2025-12-01T23:57:21.254787800|req#0] Compilation took 5403ms
