[2025-12-01T21:37:25.287850200|req#0] [33mZincCompileMixed[39m(
  upstreamCompileOutput = [33mVector[39m(),
  sources = [33mArraySeq[39m(
    C:\Users\tarcz\Documents\programowanie-funkcyje\Programowanie-funkcyjne\zadanie5\out\mill-bsp-out\mill-build\generatedScriptSources.dest\support\build_\BuildFileImpl.scala,
    C:\Users\tarcz\Documents\programowanie-funkcyje\Programowanie-funkcyjne\zadanie5\out\mill-bsp-out\mill-build\generatedScriptSources.dest\support\build_\MillMiscInfo.scala,
    C:\Users\tarcz\Documents\programowanie-funkcyje\Programowanie-funkcyjne\zadanie5\out\mill-bsp-out\mill-build\generatedScriptSources.dest\wrapped\build_\build.mill
  ),
  compileClasspath = [33mList[39m(
    C:\Users\tarcz\AppData\Local\Coursier\cache\v1\https\repo1.maven.org\maven2\com\lihaoyi\sourcecode_3\0.4.4\sourcecode_3-0.4.4.jar,
    C:\Users\tarcz\AppData\Local\Coursier\cache\v1\https\repo1.maven.org\maven2\com\lihaoyi\mill-libs_3\1.0.6\mill-libs_3-1.0.6.jar,
    C:\Users\tarcz\AppData\Local\Coursier\cache\v1\https\repo1.maven.org\maven2\org\scala-lang\scala3-library_3\3.7.3\scala3-library_3-3.7.3.jar,
    C:\Users\tarcz\AppData\Local\Coursier\cache\v1\https\repo1.maven.org\maven2\com\lihaoyi\mill-moduledefs_3\0.11.10\mill-moduledefs_3-0.11.10.jar,
    C:\Users\tarcz\AppData\Local\Coursier\cache\v1\https\repo1.maven.org\maven2\com\lihaoyi\unroll-annotation_3\0.2.0\unroll-annotation_3-0.2.0.jar,
    C:\Users\tarcz\AppData\Local\Coursier\cache\v1\https\repo1.maven.org\maven2\com\lihaoyi\mill-libs-kotlinlib_3\1.0.6\mill-libs-kotlinlib_3-1.0.6.jar,
    C:\Users\tarcz\AppData\Local\Coursier\cache\v1\https\repo1.maven.org\maven2\com\lihaoyi\mill-libs-androidlib_3\1.0.6\mill-libs-androidlib_3-1.0.6.jar,
    C:\Users\tarcz\AppData\Local\Coursier\cache\v1\https\repo1.maven.org\maven2\com\lihaoyi\mill-libs-scalajslib_3\1.0.6\mill-libs-scalajslib_3-1.0.6.jar,
    C:\Users\tarcz\AppData\Local\Coursier\cache\v1\https\repo1.maven.org\maven2\com\lihaoyi\mill-libs-scalanativelib_3\1.0.6\mill-libs-scalanativelib_3-1.0.6.jar,
    C:\Users\tarcz\AppData\Local\Coursier\cache\v1\https\repo1.maven.org\maven2\com\lihaoyi\mill-libs-javascriptlib_3\1.0.6\mill-libs-javascriptlib_3-1.0.6.jar,
    C:\Users\tarcz\AppData\Local\Coursier\cache\v1\https\repo1.maven.org\maven2\com\lihaoyi\mill-libs-pythonlib_3\1.0.6\mill-libs-pythonlib_3-1.0.6.jar,
    C:\Users\tarcz\AppData\Local\Coursier\cache\v1\https\repo1.maven.org\maven2\com\lihaoyi\mill-libs-util_3\1.0.6\mill-libs-util_3-1.0.6.jar,
    C:\Users\tarcz\AppData\Local\Coursier\cache\v1\https\repo1.maven.org\maven2\org\scala-lang\scala-library\2.13.16\scala-library-2.13.16.jar,
    C:\Users\tarcz\AppData\Local\Coursier\cache\v1\https\repo1.maven.org\maven2\com\lihaoyi\mill-libs-javalib_3\1.0.6\mill-libs-javalib_3-1.0.6.jar,
    C:\Users\tarcz\AppData\Local\Coursier\cache\v1\https\repo1.maven.org\maven2\com\lihaoyi\mill-libs-javalib-testrunner_3\1.0.6\mill-libs-javalib-testrunner_3-1.0.6.jar,
    C:\Users\tarcz\AppData\Local\Coursier\cache\v1\https\repo1.maven.org\maven2\com\lihaoyi\mill-libs-kotlinlib-api_3\1.0.6\mill-libs-kotlinlib-api_3-1.0.6.jar,
    C:\Users\tarcz\AppData\Local\Coursier\cache\v1\https\repo1.maven.org\maven2\com\lihaoyi\mill-libs-kotlinlib-ksp2-api_3\1.0.6\mill-libs-kotlinlib-ksp2-api_3-1.0.6.jar,
    C:\Users\tarcz\AppData\Local\Coursier\cache\v1\https\repo1.maven.org\maven2\com\lihaoyi\mill-libs-scalalib_3\1.0.6\mill-libs-scalalib_3-1.0.6.jar,
    C:\Users\tarcz\AppData\Local\Coursier\cache\v1\https\repo1.maven.org\maven2\com\lihaoyi\mill-libs-scalajslib-api_3\1.0.6\mill-libs-scalajslib-api_3-1.0.6.jar,
    C:\Users\tarcz\AppData\Local\Coursier\cache\v1\https\repo1.maven.org\maven2\com\lihaoyi\mill-libs-scalanativelib-api_3\1.0.6\mill-libs-scalanativelib-api_3-1.0.6.jar,
    C:\Users\tarcz\AppData\Local\Coursier\cache\v1\https\repo1.maven.org\maven2\io\get-coursier\coursier_2.13\2.1.25-M18\coursier_2.13-2.1.25-M18.jar,
    C:\Users\tarcz\AppData\Local\Coursier\cache\v1\https\repo1.maven.org\maven2\io\get-coursier\coursier-archive-cache_2.13\2.1.25-M18\coursier-archive-cache_2.13-2.1.25-M18.jar,
    C:\Users\tarcz\AppData\Local\Coursier\cache\v1\https\repo1.maven.org\maven2\io\get-coursier\coursier-core_2.13\2.1.25-M18\coursier-core_2.13-2.1.25-M18.jar,
    C:\Users\tarcz\AppData\Local\Coursier\cache\v1\https\repo1.maven.org\maven2\io\get-coursier\coursier-cache_2.13\2.1.25-M18\coursier-cache_2.13-2.1.25-M18.jar,
    C:\Users\tarcz\AppData\Local\Coursier\cache\v1\https\repo1.maven.org\maven2\io\get-coursier\coursier-paths\2.1.25-M18\coursier-paths-2.1.25-M18.jar,
    C:\Users\tarcz\AppData\Local\Coursier\cache\v1\https\repo1.maven.org\maven2\io\get-coursier\coursier-util_2.13\2.1.25-M18\coursier-util_2.13-2.1.25-M18.jar,
    C:\Users\tarcz\AppData\Local\Coursier\cache\v1\https\repo1.maven.org\maven2\io\get-coursier\versions_2.13\0.5.1\versions_2.13-0.5.1.jar,
    C:\Users\tarcz\AppData\Local\Coursier\cache\v1\https\repo1.maven.org\maven2\io\get-coursier\coursier-jvm_2.13\2.1.25-M18\coursier-jvm_2.13-2.1.25-M18.jar,
    C:\Users\tarcz\AppData\Local\Coursier\cache\v1\https\repo1.maven.org\maven2\org\jline\jline\3.28.0\jline-3.28.0.jar,
    C:\Users\tarcz\AppData\Local\Coursier\cache\v1\https\repo1.maven.org\maven2\com\lihaoyi\mainargs_3\0.7.6\mainargs_3-0.7.6.jar,
    C:\Users\tarcz\AppData\Local\Coursier\cache\v1\https\repo1.maven.org\maven2\com\lihaoyi\requests_3\0.9.0\requests_3-0.9.0.jar,
    C:\Users\tarcz\AppData\Local\Coursier\cache\v1\https\repo1.maven.org\maven2\com\lihaoyi\mill-core-api-daemon_3\1.0.6\mill-core-api-daemon_3-1.0.6.jar,
    C:\Users\tarcz\AppData\Local\Coursier\cache\v1\https\repo1.maven.org\maven2\com\lihaoyi\mill-core-constants\1.0.6\mill-core-constants-1.0.6.jar,
    C:\Users\tarcz\AppData\Local\Coursier\cache\v1\https\repo1.maven.org\maven2\com\lihaoyi\mill-core-api_3\1.0.6\mill-core-api_3-1.0.6.jar,
    C:\Users\tarcz\AppData\Local\Coursier\cache\v1\https\repo1.maven.org\maven2\org\scala-lang\modules\scala-xml_3\2.4.0\scala-xml_3-2.4.0.jar,
    C:\Users\tarcz\AppData\Local\Coursier\cache\v1\https\repo1.maven.org\maven2\org\scala-lang\scala-reflect\2.13.15\scala-reflect-2.13.15.jar,
    C:\Users\tarcz\AppData\Local\Coursier\cache\v1\https\repo1.maven.org\maven2\com\lihaoyi\mill-libs-rpc_3\1.0.6\mill-libs-rpc_3-1.0.6.jar,
    C:\Users\tarcz\AppData\Local\Coursier\cache\v1\https\repo1.maven.org\maven2\com\lihaoyi\mill-libs-javalib-api_3\1.0.6\mill-libs-javalib-api_3-1.0.6.jar,
    C:\Users\tarcz\AppData\Local\Coursier\cache\v1\https\repo1.maven.org\maven2\com\lihaoyi\mill-libs-javalib-testrunner-entrypoint\1.0.6\mill-libs-javalib-testrunner-entrypoint-1.0.6.jar,
    C:\Users\tarcz\AppData\Local\Coursier\cache\v1\https\repo1.maven.org\maven2\org\scala-sbt\test-interface\1.0\test-interface-1.0.jar,
    C:\Users\tarcz\AppData\Local\Coursier\cache\v1\https\repo1.maven.org\maven2\org\scala-lang\modules\scala-collection-compat_3\2.12.0\scala-collection-compat_3-2.12.0.jar,
    C:\Users\tarcz\AppData\Local\Coursier\cache\v1\https\repo1.maven.org\maven2\com\lihaoyi\geny_3\1.1.1\geny_3-1.1.1.jar,
    C:\Users\tarcz\AppData\Local\Coursier\cache\v1\https\repo1.maven.org\maven2\com\lihaoyi\os-lib_3\0.11.5\os-lib_3-0.11.5.jar,
    C:\Users\tarcz\AppData\Local\Coursier\cache\v1\https\repo1.maven.org\maven2\com\lihaoyi\upickle_3\4.3.0\upickle_3-4.3.0.jar,
    C:\Users\tarcz\AppData\Local\Coursier\cache\v1\https\repo1.maven.org\maven2\com\lihaoyi\upickle-implicits-named-tuples_3\4.3.0\upickle-implicits-named-tuples_3-4.3.0.jar,
    C:\Users\tarcz\AppData\Local\Coursier\cache\v1\https\repo1.maven.org\maven2\com\lihaoyi\pprint_3\0.9.3\pprint_3-0.9.3.jar,
    C:\Users\tarcz\AppData\Local\Coursier\cache\v1\https\repo1.maven.org\maven2\com\lihaoyi\fansi_3\0.5.1\fansi_3-0.5.1.jar,
    C:\Users\tarcz\AppData\Local\Coursier\cache\v1\https\repo1.maven.org\maven2\com\lihaoyi\fastparse_3\3.1.1\fastparse_3-3.1.1.jar,
    C:\Users\tarcz\AppData\Local\Coursier\cache\v1\https\repo1.maven.org\maven2\com\lihaoyi\mill-libs-daemon-server_3\1.0.6\mill-libs-daemon-server_3-1.0.6.jar,
    C:\Users\tarcz\AppData\Local\Coursier\cache\v1\https\repo1.maven.org\maven2\com\lihaoyi\os-zip\0.11.5\os-zip-0.11.5.jar,
    C:\Users\tarcz\AppData\Local\Coursier\cache\v1\https\repo1.maven.org\maven2\com\lihaoyi\ujson_3\4.3.0\ujson_3-4.3.0.jar,
    C:\Users\tarcz\AppData\Local\Coursier\cache\v1\https\repo1.maven.org\maven2\com\lihaoyi\upack_3\4.3.0\upack_3-4.3.0.jar,
    C:\Users\tarcz\AppData\Local\Coursier\cache\v1\https\repo1.maven.org\maven2\com\lihaoyi\upickle-implicits_3\4.3.0\upickle-implicits_3-4.3.0.jar,
    C:\Users\tarcz\AppData\Local\Coursier\cache\v1\https\repo1.maven.org\maven2\com\lihaoyi\mill-libs-daemon-client\1.0.6\mill-libs-daemon-client-1.0.6.jar,
    C:\Users\tarcz\AppData\Local\Coursier\cache\v1\https\repo1.maven.org\maven2\com\lihaoyi\upickle-core_3\4.3.0\upickle-core_3-4.3.0.jar,
    C:\Users\tarcz\Documents\programowanie-funkcyje\Programowanie-funkcyjne\zadanie5\mill-build\compile-resources
  ),
  javacOptions = [33mJavaCompilerOptions[39m([33mList[39m()),
  scalaVersion = [32m"3.7.3"[39m,
  scalaOrganization = [32m"org.scala-lang"[39m,
  scalacOptions = [33mList[39m(
    [32m"-Xplugin:C:\\Users\\tarcz\\AppData\\Local\\Coursier\\cache\\v1\\https\\repo1.maven.org\\maven2\\com\\lihaoyi\\scalac-mill-moduledefs-plugin_3.7.3\\0.11.10\\scalac-mill-moduledefs-plugin_3.7.3-0.11.10.jar"[39m,
    [32m"-deprecation"[39m,
    [32m"-Wconf:msg=will be encoded on the classpath:silent"[39m
  ),
  compilerClasspath = [33mList[39m(
    [33mPathRef[39m(
      path = C:\Users\tarcz\AppData\Local\Coursier\cache\v1\https\repo1.maven.org\maven2\org\scala-lang\scala3-compiler_3\3.7.3\scala3-compiler_3-3.7.3.jar,
      quick = [32mtrue[39m,
      sig = [32m-366184131[39m,
      revalidate = Once
    ),
    [33mPathRef[39m(
      path = C:\Users\tarcz\AppData\Local\Coursier\cache\v1\https\repo1.maven.org\maven2\org\scala-lang\scala3-library_3\3.7.3\scala3-library_3-3.7.3.jar,
      quick = [32mtrue[39m,
      sig = [32m2051503319[39m,
      revalidate = Once
    ),
    [33mPathRef[39m(
      path = C:\Users\tarcz\AppData\Local\Coursier\cache\v1\https\repo1.maven.org\maven2\org\scala-lang\scala3-interfaces\3.7.3\scala3-interfaces-3.7.3.jar,
      quick = [32mtrue[39m,
      sig = [32m202198257[39m,
      revalidate = Once
    ),
    [33mPathRef[39m(
      path = C:\Users\tarcz\AppData\Local\Coursier\cache\v1\https\repo1.maven.org\maven2\org\scala-lang\tasty-core_3\3.7.3\tasty-core_3-3.7.3.jar,
      quick = [32mtrue[39m,
      sig = [32m-1156043389[39m,
      revalidate = Once
    ),
    [33mPathRef[39m(
      path = C:\Users\tarcz\AppData\Local\Coursier\cache\v1\https\repo1.maven.org\maven2\org\scala-lang\modules\scala-asm\9.8.0-scala-1\scala-asm-9.8.0-scala-1.jar,
      quick = [32mtrue[39m,
      sig = [32m425934352[39m,
      revalidate = Once
    ),
    [33mPathRef[39m(
      path = C:\Users\tarcz\AppData\Local\Coursier\cache\v1\https\repo1.maven.org\maven2\org\scala-sbt\compiler-interface\1.10.7\compiler-interface-1.10.7.jar,
      quick = [32mtrue[39m,
      sig = [32m-291424587[39m,
      revalidate = Once
    ),
    [33mPathRef[39m(
      path = C:\Users\tarcz\AppData\Local\Coursier\cache\v1\https\repo1.maven.org\maven2\org\jline\jline-reader\3.29.0\jline-reader-3.29.0.jar,
      quick = [32mtrue[39m,
      sig = [32m759073053[39m,
      revalidate = Once
    ),
    [33mPathRef[39m(
      path = C:\Users\tarcz\AppData\Local\Coursier\cache\v1\https\repo1.maven.org\maven2\org\jline\jline-terminal\3.29.0\jline-terminal-3.29.0.jar,
      quick = [32mtrue[39m,
      sig = [32m128580990[39m,
      revalidate = Once
    ),
    [33mPathRef[39m(
      path = C:\Users\tarcz\AppData\Local\Coursier\cache\v1\https\repo1.maven.org\maven2\org\jline\jline-terminal-jni\3.29.0\jline-terminal-jni-3.29.0.jar,
      quick = [32mtrue[39m,
      sig = [32m1247320221[39m,
      revalidate = Once
    ),
    [33mPathRef[39m(
      path = C:\Users\tarcz\AppData\Local\Coursier\cache\v1\https\repo1.maven.org\maven2\org\scala-lang\scala-library\2.13.16\scala-library-2.13.16.jar,
      quick = [32mtrue[39m,
      sig = [32m317605032[39m,
      revalidate = Once
    ),
    [33mPathRef[39m(
      path = C:\Users\tarcz\AppData\Local\Coursier\cache\v1\https\repo1.maven.org\maven2\org\scala-sbt\util-interface\1.10.7\util-interface-1.10.7.jar,
      quick = [32mtrue[39m,
      sig = [32m-983181764[39m,
      revalidate = Once
    ),
    [33mPathRef[39m(
      path = C:\Users\tarcz\AppData\Local\Coursier\cache\v1\https\repo1.maven.org\maven2\org\jline\jline-native\3.29.0\jline-native-3.29.0.jar,
      quick = [32mtrue[39m,
      sig = [32m-1932725682[39m,
      revalidate = Once
    )
  ),
  scalacPluginClasspath = [33mList[39m(
    [33mPathRef[39m(
      path = C:\Users\tarcz\AppData\Local\Coursier\cache\v1\https\repo1.maven.org\maven2\com\lihaoyi\scalac-mill-moduledefs-plugin_3.7.3\0.11.10\scalac-mill-moduledefs-plugin_3.7.3-0.11.10.jar,
      quick = [32mtrue[39m,
      sig = [32m-778687296[39m,
      revalidate = Once
    ),
    [33mPathRef[39m(
      path = C:\Users\tarcz\AppData\Local\Coursier\cache\v1\https\repo1.maven.org\maven2\org\scala-lang\scala3-compiler_3\3.7.3\scala3-compiler_3-3.7.3.jar,
      quick = [32mtrue[39m,
      sig = [32m-366184131[39m,
      revalidate = Once
    ),
    [33mPathRef[39m(
      path = C:\Users\tarcz\AppData\Local\Coursier\cache\v1\https\repo1.maven.org\maven2\org\scala-lang\scala3-library_3\3.7.3\scala3-library_3-3.7.3.jar,
      quick = [32mtrue[39m,
      sig = [32m2051503319[39m,
      revalidate = Once
    ),
    [33mPathRef[39m(
      path = C:\Users\tarcz\AppData\Local\Coursier\cache\v1\https\repo1.maven.org\maven2\com\lihaoyi\mill-moduledefs_3\0.11.10\mill-moduledefs_3-0.11.10.jar,
      quick = [32mtrue[39m,
      sig = [32m2062572885[39m,
      revalidate = Once
    ),
    [33mPathRef[39m(
      path = C:\Users\tarcz\AppData\Local\Coursier\cache\v1\https\repo1.maven.org\maven2\org\scala-lang\scala3-interfaces\3.7.3\scala3-interfaces-3.7.3.jar,
      quick = [32mtrue[39m,
      sig = [32m202198257[39m,
      revalidate = Once
    ),
    [33mPathRef[39m(
      path = C:\Users\tarcz\AppData\Local\Coursier\cache\v1\https\repo1.maven.org\maven2\org\scala-lang\tasty-core_3\3.7.3\tasty-core_3-3.7.3.jar,
      quick = [32mtrue[39m,
      sig = [32m-1156043389[39m,
      revalidate = Once
    ),
    [33mPathRef[39m(
      path = C:\Users\tarcz\AppData\Local\Coursier\cache\v1\https\repo1.maven.org\maven2\org\scala-lang\modules\scala-asm\9.8.0-scala-1\scala-asm-9.8.0-scala-1.jar,
      quick = [32mtrue[39m,
      sig = [32m425934352[39m,
      revalidate = Once
    ),
    [33mPathRef[39m(
      path = C:\Users\tarcz\AppData\Local\Coursier\cache\v1\https\repo1.maven.org\maven2\org\scala-sbt\compiler-interface\1.10.7\compiler-interface-1.10.7.jar,
      quick = [32mtrue[39m,
      sig = [32m-291424587[39m,
      revalidate = Once
    ),
    [33mPathRef[39m(
      path = C:\Users\tarcz\AppData\Local\Coursier\cache\v1\https\repo1.maven.org\maven2\org\jline\jline-reader\3.29.0\jline-reader-3.29.0.jar,
      quick = [32mtrue[39m,
      sig = [32m759073053[39m,
      revalidate = Once
    ),
    [33mPathRef[39m(
      path = C:\Users\tarcz\AppData\Local\Coursier\cache\v1\https\repo1.maven.org\maven2\org\jline\jline-terminal\3.29.0\jline-terminal-3.29.0.jar,
      quick = [32mtrue[39m,
      sig = [32m128580990[39m,
      revalidate = Once
    ),
    [33mPathRef[39m(
      path = C:\Users\tarcz\AppData\Local\Coursier\cache\v1\https\repo1.maven.org\maven2\org\jline\jline-terminal-jni\3.29.0\jline-terminal-jni-3.29.0.jar,
      quick = [32mtrue[39m,
      sig = [32m1247320221[39m,
      revalidate = Once
    ),
    [33mPathRef[39m(
      path = C:\Users\tarcz\AppData\Local\Coursier\cache\v1\https\repo1.maven.org\maven2\org\scala-lang\scala-library\2.13.16\scala-library-2.13.16.jar,
      quick = [32mtrue[39m,
      sig = [32m317605032[39m,
      revalidate = Once
    ),
    [33mPathRef[39m(
      path = C:\Users\tarcz\AppData\Local\Coursier\cache\v1\https\repo1.maven.org\maven2\org\scala-sbt\util-interface\1.10.7\util-interface-1.10.7.jar,
      quick = [32mtrue[39m,
      sig = [32m-983181764[39m,
      revalidate = Once
    ),
    [33mPathRef[39m(
      path = C:\Users\tarcz\AppData\Local\Coursier\cache\v1\https\repo1.maven.org\maven2\org\jline\jline-native\3.29.0\jline-native-3.29.0.jar,
      quick = [32mtrue[39m,
      sig = [32m-1932725682[39m,
      revalidate = Once
    )
  ),
  incrementalCompilation = [32mtrue[39m,
  auxiliaryClassFileExtensions = [33mList[39m([32m"tasty"[39m)
)
[2025-12-01T21:37:25.290850800|req#0] Using local Zinc instance
[2025-12-01T21:37:33.456078700|req#0] Compilation took 8161ms
